  jrObsHelpers.c
  jrRegionDetector.c
E:\MyDocs\Programming\VersionControl\Git\ObsAutoZoomSource\src\jrRegionDetector.c(54,97): warning C4244: '=': conversion from 'float' to 'int', possible loss of data
E:\MyDocs\Programming\VersionControl\Git\ObsAutoZoomSource\src\jrRegionDetector.c(66,1): warning C4244: 'initializing': conversion from 'double' to 'int', possible loss of data
  ObsAutoZoomSource.c
E:\MyDocs\Programming\VersionControl\Git\ObsAutoZoomSource\src\ObsAutoZoomSource.c(565,75): warning C4047: 'function': '__int64' differs in levels of indirection from 'char [6]'
E:\MyDocs\Programming\VersionControl\Git\ObsAutoZoomSource\src\ObsAutoZoomSource.c(565,55): warning C4024: 'obs_data_set_default_int': different types for formal and actual parameter 3
E:\MyDocs\Programming\VersionControl\Git\ObsAutoZoomSource\src\ObsAutoZoomSource.c(620,73): warning C4244: '=': conversion from '__int64' to 'int', possible loss of data
E:\MyDocs\Programming\VersionControl\Git\ObsAutoZoomSource\src\ObsAutoZoomSource.c(624,72): warning C4244: '=': conversion from '__int64' to 'int', possible loss of data
E:\MyDocs\Programming\VersionControl\Git\ObsAutoZoomSource\src\ObsAutoZoomSource.c(625,73): warning C4244: '=': conversion from '__int64' to 'int', possible loss of data
E:\MyDocs\Programming\VersionControl\Git\ObsAutoZoomSource\src\ObsAutoZoomSource.c(626,79): warning C4244: '=': conversion from '__int64' to 'int', possible loss of data
E:\MyDocs\Programming\VersionControl\Git\ObsAutoZoomSource\src\ObsAutoZoomSource.c(630,105): warning C4090: 'function': different 'const' qualifiers
E:\MyDocs\Programming\VersionControl\Git\ObsAutoZoomSource\src\ObsAutoZoomSource.c(631,75): warning C4244: '=': conversion from '__int64' to 'int', possible loss of data
E:\MyDocs\Programming\VersionControl\Git\ObsAutoZoomSource\src\ObsAutoZoomSource.c(632,81): warning C4244: '=': conversion from '__int64' to 'int', possible loss of data
E:\MyDocs\Programming\VersionControl\Git\ObsAutoZoomSource\src\ObsAutoZoomSource.c(633,91): warning C4244: '=': conversion from '__int64' to 'int', possible loss of data
E:\MyDocs\Programming\VersionControl\Git\ObsAutoZoomSource\src\ObsAutoZoomSource.c(634,99): warning C4090: 'function': different 'const' qualifiers
E:\MyDocs\Programming\VersionControl\Git\ObsAutoZoomSource\src\ObsAutoZoomSource.c(636,101): warning C4090: 'function': different 'const' qualifiers
E:\MyDocs\Programming\VersionControl\Git\ObsAutoZoomSource\src\ObsAutoZoomSource.c(637,95): warning C4090: 'function': different 'const' qualifiers
E:\MyDocs\Programming\VersionControl\Git\ObsAutoZoomSource\src\ObsAutoZoomSource.c(674,50): warning C4133: 'function': incompatible types - from 'gs_texture_t *' to 'gs_stagesurf_t *'
E:\MyDocs\Programming\VersionControl\Git\ObsAutoZoomSource\src\ObsAutoZoomSource.c(742,101): warning C4133: '=': incompatible types - from 'gs_stagesurf_t *' to 'gs_texture_t *'
E:\MyDocs\Programming\VersionControl\Git\ObsAutoZoomSource\src\ObsAutoZoomSource.c(1050,44): warning C4133: 'function': incompatible types - from 'gs_texture_t *' to 'gs_stagesurf_t *'
E:\MyDocs\Programming\VersionControl\Git\ObsAutoZoomSource\src\ObsAutoZoomSource.c(1055,51): warning C4133: 'function': incompatible types - from 'gs_texture_t *' to 'gs_stagesurf_t *'
E:\MyDocs\Programming\VersionControl\Git\ObsAutoZoomSource\src\ObsAutoZoomSource.c(1059,50): warning C4133: 'function': incompatible types - from 'gs_texture_t *' to 'gs_stagesurf_t *'
E:\MyDocs\Programming\VersionControl\Git\ObsAutoZoomSource\src\ObsAutoZoomSource.c(1138,11): warning C4018: '>=': signed/unsigned mismatch
E:\MyDocs\Programming\VersionControl\Git\ObsAutoZoomSource\src\ObsAutoZoomSource.c(1139,11): warning C4018: '>=': signed/unsigned mismatch
E:\MyDocs\Programming\VersionControl\Git\ObsAutoZoomSource\src\ObsAutoZoomSource.c(1141,34): warning C4133: 'function': incompatible types - from 'uint8_t *' to 'uint32_t *'
E:\MyDocs\Programming\VersionControl\Git\ObsAutoZoomSource\src\ObsAutoZoomSource.c(1149,33): warning C4133: 'function': incompatible types - from 'uint8_t *' to 'uint32_t *'
E:\MyDocs\Programming\VersionControl\Git\ObsAutoZoomSource\src\ObsAutoZoomSource.c(1156,10): warning C4018: '>': signed/unsigned mismatch
E:\MyDocs\Programming\VersionControl\Git\ObsAutoZoomSource\src\ObsAutoZoomSource.c(1159,10): warning C4018: '>': signed/unsigned mismatch
E:\MyDocs\Programming\VersionControl\Git\ObsAutoZoomSource\src\ObsAutoZoomSource.c(1162,33): warning C4133: 'function': incompatible types - from 'uint8_t *' to 'uint32_t *'
E:\MyDocs\Programming\VersionControl\Git\ObsAutoZoomSource\src\ObsAutoZoomSource.c(1162,99): warning C4244: 'function': conversion from 'float' to 'int', possible loss of data
E:\MyDocs\Programming\VersionControl\Git\ObsAutoZoomSource\src\ObsAutoZoomSource.c(1162,146): warning C4244: 'function': conversion from 'float' to 'int', possible loss of data
E:\MyDocs\Programming\VersionControl\Git\ObsAutoZoomSource\src\ObsAutoZoomSource.c(1162,177): warning C4244: 'function': conversion from 'float' to 'int', possible loss of data
E:\MyDocs\Programming\VersionControl\Git\ObsAutoZoomSource\src\ObsAutoZoomSource.c(1162,208): warning C4244: 'function': conversion from 'float' to 'int', possible loss of data
E:\MyDocs\Programming\VersionControl\Git\ObsAutoZoomSource\src\ObsAutoZoomSource.c(1154,1): warning C4244: 'initializing': conversion from 'float' to 'int', possible loss of data
E:\MyDocs\Programming\VersionControl\Git\ObsAutoZoomSource\src\ObsAutoZoomSource.c(1155,1): warning C4244: 'initializing': conversion from 'float' to 'int', possible loss of data
E:\MyDocs\Programming\VersionControl\Git\ObsAutoZoomSource\src\ObsAutoZoomSource.c(1492,1): warning C4113: 'void (__cdecl *)(void *)' differs in parameter lists from 'void (__cdecl *)(void *,obs_data_t *)'
E:\MyDocs\Programming\VersionControl\Git\ObsAutoZoomSource\src\ObsAutoZoomSource.c(1628,51): warning C4244: '=': conversion from 'float' to 'int', possible loss of data
E:\MyDocs\Programming\VersionControl\Git\ObsAutoZoomSource\src\ObsAutoZoomSource.c(1629,51): warning C4244: '=': conversion from 'float' to 'int', possible loss of data
E:\MyDocs\Programming\VersionControl\Git\ObsAutoZoomSource\src\ObsAutoZoomSource.c(1632,51): warning C4244: '=': conversion from 'float' to 'int', possible loss of data
E:\MyDocs\Programming\VersionControl\Git\ObsAutoZoomSource\src\ObsAutoZoomSource.c(1633,51): warning C4244: '=': conversion from 'float' to 'int', possible loss of data
E:\MyDocs\Programming\VersionControl\Git\ObsAutoZoomSource\src\ObsAutoZoomSource.c(1636,51): warning C4244: '=': conversion from 'float' to 'int', possible loss of data
E:\MyDocs\Programming\VersionControl\Git\ObsAutoZoomSource\src\ObsAutoZoomSource.c(1637,51): warning C4244: '=': conversion from 'float' to 'int', possible loss of data
E:\MyDocs\Programming\VersionControl\Git\ObsAutoZoomSource\src\ObsAutoZoomSource.c(1640,51): warning C4244: '=': conversion from 'float' to 'int', possible loss of data
E:\MyDocs\Programming\VersionControl\Git\ObsAutoZoomSource\src\ObsAutoZoomSource.c(1641,51): warning C4244: '=': conversion from 'float' to 'int', possible loss of data
E:\MyDocs\Programming\VersionControl\Git\ObsAutoZoomSource\src\ObsAutoZoomSource.c(1650,21): warning C4244: '=': conversion from 'int' to 'float', possible loss of data
E:\MyDocs\Programming\VersionControl\Git\ObsAutoZoomSource\src\ObsAutoZoomSource.c(1651,21): warning C4244: '=': conversion from 'int' to 'float', possible loss of data
E:\MyDocs\Programming\VersionControl\Git\ObsAutoZoomSource\src\ObsAutoZoomSource.c(1654,21): warning C4244: '=': conversion from 'int' to 'float', possible loss of data
E:\MyDocs\Programming\VersionControl\Git\ObsAutoZoomSource\src\ObsAutoZoomSource.c(1655,21): warning C4244: '=': conversion from 'int' to 'float', possible loss of data
E:\MyDocs\Programming\VersionControl\Git\ObsAutoZoomSource\src\ObsAutoZoomSource.c(1658,21): warning C4244: '=': conversion from 'int' to 'float', possible loss of data
E:\MyDocs\Programming\VersionControl\Git\ObsAutoZoomSource\src\ObsAutoZoomSource.c(1659,21): warning C4244: '=': conversion from 'int' to 'float', possible loss of data
E:\MyDocs\Programming\VersionControl\Git\ObsAutoZoomSource\src\ObsAutoZoomSource.c(1662,21): warning C4244: '=': conversion from 'int' to 'float', possible loss of data
E:\MyDocs\Programming\VersionControl\Git\ObsAutoZoomSource\src\ObsAutoZoomSource.c(1663,21): warning C4244: '=': conversion from 'int' to 'float', possible loss of data
E:\MyDocs\Programming\VersionControl\Git\ObsAutoZoomSource\src\ObsAutoZoomSource.c(1698,118): warning C4244: 'function': conversion from 'float' to 'int', possible loss of data
E:\MyDocs\Programming\VersionControl\Git\ObsAutoZoomSource\src\ObsAutoZoomSource.c(1699,103): warning C4244: 'function': conversion from 'float' to 'int', possible loss of data
E:\MyDocs\Programming\VersionControl\Git\ObsAutoZoomSource\src\ObsAutoZoomSource.c(1711,118): warning C4244: 'function': conversion from 'float' to 'int', possible loss of data
E:\MyDocs\Programming\VersionControl\Git\ObsAutoZoomSource\src\ObsAutoZoomSource.c(1727,105): warning C4244: '=': conversion from 'float' to 'int', possible loss of data
E:\MyDocs\Programming\VersionControl\Git\ObsAutoZoomSource\src\ObsAutoZoomSource.c(1736,105): warning C4244: '=': conversion from 'float' to 'int', possible loss of data
E:\MyDocs\Programming\VersionControl\Git\ObsAutoZoomSource\src\ObsAutoZoomSource.c(1737,20): warning C4018: '>': signed/unsigned mismatch
E:\MyDocs\Programming\VersionControl\Git\ObsAutoZoomSource\src\ObsAutoZoomSource.c(1751,19): warning C4018: '>=': signed/unsigned mismatch
E:\MyDocs\Programming\VersionControl\Git\ObsAutoZoomSource\src\ObsAutoZoomSource.c(1754,19): warning C4018: '>=': signed/unsigned mismatch
E:\MyDocs\Programming\VersionControl\Git\ObsAutoZoomSource\src\ObsAutoZoomSource.c(1763,19): warning C4018: '>=': signed/unsigned mismatch
E:\MyDocs\Programming\VersionControl\Git\ObsAutoZoomSource\src\ObsAutoZoomSource.c(1766,19): warning C4018: '>=': signed/unsigned mismatch
E:\MyDocs\Programming\VersionControl\Git\ObsAutoZoomSource\src\ObsAutoZoomSource.c(1698,1): warning C4244: 'initializing': conversion from 'int' to 'float', possible loss of data
E:\MyDocs\Programming\VersionControl\Git\ObsAutoZoomSource\src\ObsAutoZoomSource.c(1699,1): warning C4244: 'initializing': conversion from 'int' to 'float', possible loss of data
E:\MyDocs\Programming\VersionControl\Git\ObsAutoZoomSource\src\ObsAutoZoomSource.c(1704,1): warning C4244: 'initializing': conversion from 'double' to 'float', possible loss of data
E:\MyDocs\Programming\VersionControl\Git\ObsAutoZoomSource\src\ObsAutoZoomSource.c(1711,1): warning C4244: 'initializing': conversion from 'int' to 'float', possible loss of data
E:\MyDocs\Programming\VersionControl\Git\ObsAutoZoomSource\src\ObsAutoZoomSource.c(1716,1): warning C4244: 'initializing': conversion from 'double' to 'float', possible loss of data
E:\MyDocs\Programming\VersionControl\Git\ObsAutoZoomSource\src\ObsAutoZoomSource.c(1862,69): warning C4244: '=': conversion from 'int' to 'float', possible loss of data
E:\MyDocs\Programming\VersionControl\Git\ObsAutoZoomSource\src\ObsAutoZoomSource.c(1865,73): warning C4244: '=': conversion from 'int' to 'float', possible loss of data
E:\MyDocs\Programming\VersionControl\Git\ObsAutoZoomSource\src\ObsAutoZoomSource.c(1946,141): warning C4244: '=': conversion from 'float' to 'int', possible loss of data
E:\MyDocs\Programming\VersionControl\Git\ObsAutoZoomSource\src\ObsAutoZoomSource.c(1947,141): warning C4244: '=': conversion from 'float' to 'int', possible loss of data
E:\MyDocs\Programming\VersionControl\Git\ObsAutoZoomSource\src\ObsAutoZoomSource.c(1948,141): warning C4244: '=': conversion from 'float' to 'int', possible loss of data
E:\MyDocs\Programming\VersionControl\Git\ObsAutoZoomSource\src\ObsAutoZoomSource.c(1949,141): warning C4244: '=': conversion from 'float' to 'int', possible loss of data
E:\MyDocs\Programming\VersionControl\Git\ObsAutoZoomSource\src\ObsAutoZoomSource.c(1987,47): warning C4244: 'function': conversion from 'float' to 'int', possible loss of data
E:\MyDocs\Programming\VersionControl\Git\ObsAutoZoomSource\src\ObsAutoZoomSource.c(1988,49): warning C4244: 'function': conversion from 'float' to 'int', possible loss of data
E:\MyDocs\Programming\VersionControl\Git\ObsAutoZoomSource\src\ObsAutoZoomSource.c(1989,24): warning C4244: 'function': conversion from 'float' to 'int', possible loss of data
E:\MyDocs\Programming\VersionControl\Git\ObsAutoZoomSource\src\ObsAutoZoomSource.c(2006,40): warning C4244: '=': conversion from 'float' to 'int', possible loss of data
E:\MyDocs\Programming\VersionControl\Git\ObsAutoZoomSource\src\ObsAutoZoomSource.c(2007,41): warning C4244: '=': conversion from 'float' to 'int', possible loss of data
E:\MyDocs\Programming\VersionControl\Git\ObsAutoZoomSource\src\ObsAutoZoomSource.c(2008,37): warning C4244: '=': conversion from 'float' to 'int', possible loss of data
E:\MyDocs\Programming\VersionControl\Git\ObsAutoZoomSource\src\ObsAutoZoomSource.c(2009,38): warning C4244: '=': conversion from 'float' to 'int', possible loss of data
E:\MyDocs\Programming\VersionControl\Git\ObsAutoZoomSource\src\ObsAutoZoomSource.c(1876,1): warning C4244: 'initializing': conversion from 'int' to 'float', possible loss of data
E:\MyDocs\Programming\VersionControl\Git\ObsAutoZoomSource\src\ObsAutoZoomSource.c(1897,1): warning C4244: 'initializing': conversion from 'int' to 'float', possible loss of data
E:\MyDocs\Programming\VersionControl\Git\ObsAutoZoomSource\src\ObsAutoZoomSource.c(1898,1): warning C4244: 'initializing': conversion from 'int' to 'float', possible loss of data
E:\MyDocs\Programming\VersionControl\Git\ObsAutoZoomSource\src\ObsAutoZoomSource.c(1985,1): warning C4244: 'initializing': conversion from 'int' to 'float', possible loss of data
E:\MyDocs\Programming\VersionControl\Git\ObsAutoZoomSource\src\ObsAutoZoomSource.c(1986,1): warning C4244: 'initializing': conversion from 'int' to 'float', possible loss of data
E:\MyDocs\Programming\VersionControl\Git\ObsAutoZoomSource\src\ObsAutoZoomSource.c(1987,1): warning C4244: 'initializing': conversion from 'int' to 'float', possible loss of data
E:\MyDocs\Programming\VersionControl\Git\ObsAutoZoomSource\src\ObsAutoZoomSource.c(1988,1): warning C4244: 'initializing': conversion from 'int' to 'float', possible loss of data
E:\MyDocs\Programming\VersionControl\Git\ObsAutoZoomSource\src\ObsAutoZoomSource.c(1989,1): warning C4244: 'initializing': conversion from 'int' to 'float', possible loss of data
E:\MyDocs\Programming\VersionControl\Git\ObsAutoZoomSource\src\ObsAutoZoomSource.c(1991,1): warning C4244: 'initializing': conversion from 'int' to 'float', possible loss of data
E:\MyDocs\Programming\VersionControl\Git\ObsAutoZoomSource\src\ObsAutoZoomSource.c(1996,1): warning C4244: 'initializing': conversion from 'double' to 'float', possible loss of data
E:\MyDocs\Programming\VersionControl\Git\ObsAutoZoomSource\src\ObsAutoZoomSource.c(1870,8): warning C4101: 'thisTargetDelta': unreferenced local variable
E:\MyDocs\Programming\VersionControl\Git\ObsAutoZoomSource\src\ObsAutoZoomSource.c(2062,1): warning C4244: 'initializing': conversion from 'int' to 'float', possible loss of data
E:\MyDocs\Programming\VersionControl\Git\ObsAutoZoomSource\src\ObsAutoZoomSource.c(2199,26): warning C4244: '=': conversion from 'float' to 'int', possible loss of data
E:\MyDocs\Programming\VersionControl\Git\ObsAutoZoomSource\src\ObsAutoZoomSource.c(2200,28): warning C4244: '=': conversion from 'float' to 'int', possible loss of data
E:\MyDocs\Programming\VersionControl\Git\ObsAutoZoomSource\src\ObsAutoZoomSource.c(2247,31): warning C4244: '=': conversion from 'double' to 'float', possible loss of data
E:\MyDocs\Programming\VersionControl\Git\ObsAutoZoomSource\src\ObsAutoZoomSource.c(2259,30): warning C4244: '=': conversion from 'double' to 'float', possible loss of data
E:\MyDocs\Programming\VersionControl\Git\ObsAutoZoomSource\src\ObsAutoZoomSource.c(2128,1): warning C4244: 'initializing': conversion from 'uint32_t' to 'float', possible loss of data
E:\MyDocs\Programming\VersionControl\Git\ObsAutoZoomSource\src\ObsAutoZoomSource.c(2129,1): warning C4244: 'initializing': conversion from 'uint32_t' to 'float', possible loss of data
E:\MyDocs\Programming\VersionControl\Git\ObsAutoZoomSource\src\ObsAutoZoomSource.c(2131,1): warning C4244: 'initializing': conversion from 'uint32_t' to 'float', possible loss of data
E:\MyDocs\Programming\VersionControl\Git\ObsAutoZoomSource\src\ObsAutoZoomSource.c(2132,1): warning C4244: 'initializing': conversion from 'uint32_t' to 'float', possible loss of data
E:\MyDocs\Programming\VersionControl\Git\ObsAutoZoomSource\src\ObsAutoZoomSource.c(2206,1): warning C4244: 'initializing': conversion from 'double' to 'float', possible loss of data
  Generating Code...
     Creating library E:\MyDocs\Programming\VersionControl\Git\ObsAutoZoomSource\x64\Debug\ObsAutoZoomSource.lib and object E:\MyDocs\Programming\VersionControl\Git\ObsAutoZoomSource\x64\Debug\ObsAutoZoomSource.exp
  ObsAutoZoomSource.vcxproj -> E:\MyDocs\Programming\VersionControl\Git\ObsAutoZoomSource\x64\Debug\ObsAutoZoomSource.dll
