  jrSourceTracker.cpp
  jrTrackedSource.cpp
E:\MyDocs\Programming\VersionControl\Git\ObsAutoZoomSource\src\jrTrackedSource.cpp(266,14): warning C4244: 'initializing': conversion from 'int' to 'float', possible loss of data
E:\MyDocs\Programming\VersionControl\Git\ObsAutoZoomSource\src\jrTrackedSource.cpp(383,22): warning C4244: '=': conversion from 'float' to 'int', possible loss of data
E:\MyDocs\Programming\VersionControl\Git\ObsAutoZoomSource\src\jrTrackedSource.cpp(384,22): warning C4244: '=': conversion from 'float' to 'int', possible loss of data
E:\MyDocs\Programming\VersionControl\Git\ObsAutoZoomSource\src\jrTrackedSource.cpp(387,22): warning C4244: '=': conversion from 'float' to 'int', possible loss of data
E:\MyDocs\Programming\VersionControl\Git\ObsAutoZoomSource\src\jrTrackedSource.cpp(388,22): warning C4244: '=': conversion from 'float' to 'int', possible loss of data
E:\MyDocs\Programming\VersionControl\Git\ObsAutoZoomSource\src\jrTrackedSource.cpp(391,22): warning C4244: '=': conversion from 'float' to 'int', possible loss of data
E:\MyDocs\Programming\VersionControl\Git\ObsAutoZoomSource\src\jrTrackedSource.cpp(392,22): warning C4244: '=': conversion from 'float' to 'int', possible loss of data
E:\MyDocs\Programming\VersionControl\Git\ObsAutoZoomSource\src\jrTrackedSource.cpp(395,22): warning C4244: '=': conversion from 'float' to 'int', possible loss of data
E:\MyDocs\Programming\VersionControl\Git\ObsAutoZoomSource\src\jrTrackedSource.cpp(396,22): warning C4244: '=': conversion from 'float' to 'int', possible loss of data
E:\MyDocs\Programming\VersionControl\Git\ObsAutoZoomSource\src\jrTrackedSource.cpp(405,17): warning C4244: '=': conversion from 'int' to 'float', possible loss of data
E:\MyDocs\Programming\VersionControl\Git\ObsAutoZoomSource\src\jrTrackedSource.cpp(406,17): warning C4244: '=': conversion from 'int' to 'float', possible loss of data
E:\MyDocs\Programming\VersionControl\Git\ObsAutoZoomSource\src\jrTrackedSource.cpp(409,17): warning C4244: '=': conversion from 'int' to 'float', possible loss of data
E:\MyDocs\Programming\VersionControl\Git\ObsAutoZoomSource\src\jrTrackedSource.cpp(410,17): warning C4244: '=': conversion from 'int' to 'float', possible loss of data
E:\MyDocs\Programming\VersionControl\Git\ObsAutoZoomSource\src\jrTrackedSource.cpp(413,17): warning C4244: '=': conversion from 'int' to 'float', possible loss of data
E:\MyDocs\Programming\VersionControl\Git\ObsAutoZoomSource\src\jrTrackedSource.cpp(414,17): warning C4244: '=': conversion from 'int' to 'float', possible loss of data
E:\MyDocs\Programming\VersionControl\Git\ObsAutoZoomSource\src\jrTrackedSource.cpp(417,17): warning C4244: '=': conversion from 'int' to 'float', possible loss of data
E:\MyDocs\Programming\VersionControl\Git\ObsAutoZoomSource\src\jrTrackedSource.cpp(418,17): warning C4244: '=': conversion from 'int' to 'float', possible loss of data
E:\MyDocs\Programming\VersionControl\Git\ObsAutoZoomSource\src\jrTrackedSource.cpp(430,31): warning C4244: '=': conversion from 'float' to 'int', possible loss of data
E:\MyDocs\Programming\VersionControl\Git\ObsAutoZoomSource\src\jrTrackedSource.cpp(431,31): warning C4244: '=': conversion from 'float' to 'int', possible loss of data
E:\MyDocs\Programming\VersionControl\Git\ObsAutoZoomSource\src\jrTrackedSource.cpp(432,31): warning C4244: '=': conversion from 'float' to 'int', possible loss of data
E:\MyDocs\Programming\VersionControl\Git\ObsAutoZoomSource\src\jrTrackedSource.cpp(433,31): warning C4244: '=': conversion from 'float' to 'int', possible loss of data
E:\MyDocs\Programming\VersionControl\Git\ObsAutoZoomSource\src\jrTrackedSource.cpp(444,21): warning C4244: 'initializing': conversion from 'double' to 'float', possible loss of data
E:\MyDocs\Programming\VersionControl\Git\ObsAutoZoomSource\src\jrTrackedSource.cpp(445,22): warning C4244: 'initializing': conversion from 'double' to 'float', possible loss of data
E:\MyDocs\Programming\VersionControl\Git\ObsAutoZoomSource\src\jrTrackedSource.cpp(450,19): warning C4244: 'initializing': conversion from 'double' to 'float', possible loss of data
E:\MyDocs\Programming\VersionControl\Git\ObsAutoZoomSource\src\jrTrackedSource.cpp(457,21): warning C4244: '=': conversion from 'double' to 'float', possible loss of data
E:\MyDocs\Programming\VersionControl\Git\ObsAutoZoomSource\src\jrTrackedSource.cpp(462,29): warning C4244: '=': conversion from 'double' to 'float', possible loss of data
E:\MyDocs\Programming\VersionControl\Git\ObsAutoZoomSource\src\jrTrackedSource.cpp(473,30): warning C4244: '=': conversion from 'float' to 'int', possible loss of data
E:\MyDocs\Programming\VersionControl\Git\ObsAutoZoomSource\src\jrTrackedSource.cpp(474,16): warning C4018: '>': signed/unsigned mismatch
E:\MyDocs\Programming\VersionControl\Git\ObsAutoZoomSource\src\jrTrackedSource.cpp(477,24): warning C4244: '=': conversion from 'float' to 'int', possible loss of data
E:\MyDocs\Programming\VersionControl\Git\ObsAutoZoomSource\src\jrTrackedSource.cpp(484,30): warning C4244: '=': conversion from 'float' to 'int', possible loss of data
E:\MyDocs\Programming\VersionControl\Git\ObsAutoZoomSource\src\jrTrackedSource.cpp(485,16): warning C4018: '>': signed/unsigned mismatch
E:\MyDocs\Programming\VersionControl\Git\ObsAutoZoomSource\src\jrTrackedSource.cpp(488,24): warning C4244: '=': conversion from 'float' to 'int', possible loss of data
E:\MyDocs\Programming\VersionControl\Git\ObsAutoZoomSource\src\jrTrackedSource.cpp(499,15): warning C4018: '>=': signed/unsigned mismatch
E:\MyDocs\Programming\VersionControl\Git\ObsAutoZoomSource\src\jrTrackedSource.cpp(502,15): warning C4018: '>=': signed/unsigned mismatch
E:\MyDocs\Programming\VersionControl\Git\ObsAutoZoomSource\src\jrTrackedSource.cpp(511,15): warning C4018: '>=': signed/unsigned mismatch
E:\MyDocs\Programming\VersionControl\Git\ObsAutoZoomSource\src\jrTrackedSource.cpp(514,15): warning C4018: '>=': signed/unsigned mismatch
E:\MyDocs\Programming\VersionControl\Git\ObsAutoZoomSource\src\jrTrackedSource.cpp(734,18): warning C4244: '=': conversion from 'int' to 'float', possible loss of data
E:\MyDocs\Programming\VersionControl\Git\ObsAutoZoomSource\src\jrTrackedSource.cpp(735,18): warning C4244: '=': conversion from 'int' to 'float', possible loss of data
E:\MyDocs\Programming\VersionControl\Git\ObsAutoZoomSource\src\jrTrackedSource.cpp(736,18): warning C4244: '=': conversion from 'int' to 'float', possible loss of data
E:\MyDocs\Programming\VersionControl\Git\ObsAutoZoomSource\src\jrTrackedSource.cpp(737,18): warning C4244: '=': conversion from 'int' to 'float', possible loss of data
  jrTrackedSourceMisc.cpp
E:\MyDocs\Programming\VersionControl\Git\ObsAutoZoomSource\src\jrTrackedSourceMisc.cpp(73,21): warning C4244: 'initializing': conversion from 'float' to 'int', possible loss of data
E:\MyDocs\Programming\VersionControl\Git\ObsAutoZoomSource\src\jrTrackedSourceMisc.cpp(95,17): warning C4244: '=': conversion from 'int' to 'float', possible loss of data
  jrTrackedSourceRender.cpp
E:\MyDocs\Programming\VersionControl\Git\ObsAutoZoomSource\src\jrTrackedSourceRender.cpp(124,11): warning C4018: '>=': signed/unsigned mismatch
E:\MyDocs\Programming\VersionControl\Git\ObsAutoZoomSource\src\jrTrackedSourceRender.cpp(125,11): warning C4018: '>=': signed/unsigned mismatch
E:\MyDocs\Programming\VersionControl\Git\ObsAutoZoomSource\src\jrTrackedSourceRender.cpp(142,16): warning C4244: '=': conversion from 'float' to 'int', possible loss of data
E:\MyDocs\Programming\VersionControl\Git\ObsAutoZoomSource\src\jrTrackedSourceRender.cpp(143,16): warning C4244: '=': conversion from 'float' to 'int', possible loss of data
E:\MyDocs\Programming\VersionControl\Git\ObsAutoZoomSource\src\jrTrackedSourceRender.cpp(144,16): warning C4244: '=': conversion from 'float' to 'int', possible loss of data
E:\MyDocs\Programming\VersionControl\Git\ObsAutoZoomSource\src\jrTrackedSourceRender.cpp(145,16): warning C4244: '=': conversion from 'float' to 'int', possible loss of data
E:\MyDocs\Programming\VersionControl\Git\ObsAutoZoomSource\src\jrTrackedSourceRender.cpp(148,10): warning C4018: '>=': signed/unsigned mismatch
E:\MyDocs\Programming\VersionControl\Git\ObsAutoZoomSource\src\jrTrackedSourceRender.cpp(149,10): warning C4018: '>=': signed/unsigned mismatch
E:\MyDocs\Programming\VersionControl\Git\ObsAutoZoomSource\src\jrTrackedSourceRender.cpp(150,144): warning C4244: 'argument': conversion from 'float' to 'int', possible loss of data
E:\MyDocs\Programming\VersionControl\Git\ObsAutoZoomSource\src\jrTrackedSourceRender.cpp(150,121): warning C4244: 'argument': conversion from 'float' to 'int', possible loss of data
E:\MyDocs\Programming\VersionControl\Git\ObsAutoZoomSource\src\jrTrackedSourceRender.cpp(150,98): warning C4244: 'argument': conversion from 'float' to 'int', possible loss of data
E:\MyDocs\Programming\VersionControl\Git\ObsAutoZoomSource\src\jrTrackedSourceRender.cpp(150,75): warning C4244: 'argument': conversion from 'float' to 'int', possible loss of data
E:\MyDocs\Programming\VersionControl\Git\ObsAutoZoomSource\src\jrTrackedSourceRender.cpp(158,13): warning C4244: 'initializing': conversion from 'float' to 'int', possible loss of data
E:\MyDocs\Programming\VersionControl\Git\ObsAutoZoomSource\src\jrTrackedSourceRender.cpp(179,12): warning C4018: '>=': signed/unsigned mismatch
E:\MyDocs\Programming\VersionControl\Git\ObsAutoZoomSource\src\jrTrackedSourceRender.cpp(180,12): warning C4018: '>=': signed/unsigned mismatch
E:\MyDocs\Programming\VersionControl\Git\ObsAutoZoomSource\src\jrTrackedSourceRender.cpp(182,149): warning C4244: 'argument': conversion from 'float' to 'int', possible loss of data
E:\MyDocs\Programming\VersionControl\Git\ObsAutoZoomSource\src\jrTrackedSourceRender.cpp(182,125): warning C4244: 'argument': conversion from 'float' to 'int', possible loss of data
E:\MyDocs\Programming\VersionControl\Git\ObsAutoZoomSource\src\jrTrackedSourceRender.cpp(182,101): warning C4244: 'argument': conversion from 'float' to 'int', possible loss of data
E:\MyDocs\Programming\VersionControl\Git\ObsAutoZoomSource\src\jrTrackedSourceRender.cpp(182,77): warning C4244: 'argument': conversion from 'float' to 'int', possible loss of data
E:\MyDocs\Programming\VersionControl\Git\ObsAutoZoomSource\src\jrTrackedSourceRender.cpp(191,15): warning C4244: '=': conversion from 'float' to 'int', possible loss of data
E:\MyDocs\Programming\VersionControl\Git\ObsAutoZoomSource\src\jrTrackedSourceRender.cpp(192,15): warning C4244: '=': conversion from 'float' to 'int', possible loss of data
E:\MyDocs\Programming\VersionControl\Git\ObsAutoZoomSource\src\jrTrackedSourceRender.cpp(196,10): warning C4018: '>': signed/unsigned mismatch
E:\MyDocs\Programming\VersionControl\Git\ObsAutoZoomSource\src\jrTrackedSourceRender.cpp(199,10): warning C4018: '>': signed/unsigned mismatch
E:\MyDocs\Programming\VersionControl\Git\ObsAutoZoomSource\src\jrTrackedSourceRender.cpp(202,144): warning C4244: 'argument': conversion from 'float' to 'int', possible loss of data
E:\MyDocs\Programming\VersionControl\Git\ObsAutoZoomSource\src\jrTrackedSourceRender.cpp(202,121): warning C4244: 'argument': conversion from 'float' to 'int', possible loss of data
E:\MyDocs\Programming\VersionControl\Git\ObsAutoZoomSource\src\jrTrackedSourceRender.cpp(202,98): warning C4244: 'argument': conversion from 'float' to 'int', possible loss of data
E:\MyDocs\Programming\VersionControl\Git\ObsAutoZoomSource\src\jrTrackedSourceRender.cpp(202,75): warning C4244: 'argument': conversion from 'float' to 'int', possible loss of data
E:\MyDocs\Programming\VersionControl\Git\ObsAutoZoomSource\src\jrTrackedSourceRender.cpp(248,31): warning C4244: 'argument': conversion from 'int' to 'float', possible loss of data
E:\MyDocs\Programming\VersionControl\Git\ObsAutoZoomSource\src\jrTrackedSourceRender.cpp(248,24): warning C4244: 'argument': conversion from 'int' to 'float', possible loss of data
  jrTrackedSourceZoomBox.cpp
E:\MyDocs\Programming\VersionControl\Git\ObsAutoZoomSource\src\jrTrackedSourceZoomBox.cpp(68,15): warning C4244: '=': conversion from 'float' to 'int', possible loss of data
E:\MyDocs\Programming\VersionControl\Git\ObsAutoZoomSource\src\jrTrackedSourceZoomBox.cpp(69,15): warning C4244: '=': conversion from 'float' to 'int', possible loss of data
E:\MyDocs\Programming\VersionControl\Git\ObsAutoZoomSource\src\jrTrackedSourceZoomBox.cpp(70,15): warning C4244: '=': conversion from 'float' to 'int', possible loss of data
E:\MyDocs\Programming\VersionControl\Git\ObsAutoZoomSource\src\jrTrackedSourceZoomBox.cpp(71,15): warning C4244: '=': conversion from 'float' to 'int', possible loss of data
E:\MyDocs\Programming\VersionControl\Git\ObsAutoZoomSource\src\jrTrackedSourceZoomBox.cpp(100,18): warning C4244: '=': conversion from 'int' to 'float', possible loss of data
E:\MyDocs\Programming\VersionControl\Git\ObsAutoZoomSource\src\jrTrackedSourceZoomBox.cpp(101,18): warning C4244: '=': conversion from 'int' to 'float', possible loss of data
E:\MyDocs\Programming\VersionControl\Git\ObsAutoZoomSource\src\jrTrackedSourceZoomBox.cpp(102,18): warning C4244: '=': conversion from 'int' to 'float', possible loss of data
E:\MyDocs\Programming\VersionControl\Git\ObsAutoZoomSource\src\jrTrackedSourceZoomBox.cpp(103,18): warning C4244: '=': conversion from 'int' to 'float', possible loss of data
E:\MyDocs\Programming\VersionControl\Git\ObsAutoZoomSource\src\jrTrackedSourceZoomBox.cpp(132,25): warning C4244: 'initializing': conversion from 'double' to 'float', possible loss of data
E:\MyDocs\Programming\VersionControl\Git\ObsAutoZoomSource\src\jrTrackedSourceZoomBox.cpp(154,30): warning C4244: 'initializing': conversion from 'double' to 'float', possible loss of data
E:\MyDocs\Programming\VersionControl\Git\ObsAutoZoomSource\src\jrTrackedSourceZoomBox.cpp(156,29): warning C4244: 'initializing': conversion from 'double' to 'float', possible loss of data
E:\MyDocs\Programming\VersionControl\Git\ObsAutoZoomSource\src\jrTrackedSourceZoomBox.cpp(229,18): warning C4244: '=': conversion from 'int' to 'float', possible loss of data
E:\MyDocs\Programming\VersionControl\Git\ObsAutoZoomSource\src\jrTrackedSourceZoomBox.cpp(230,18): warning C4244: '=': conversion from 'int' to 'float', possible loss of data
E:\MyDocs\Programming\VersionControl\Git\ObsAutoZoomSource\src\jrTrackedSourceZoomBox.cpp(231,18): warning C4244: '=': conversion from 'int' to 'float', possible loss of data
E:\MyDocs\Programming\VersionControl\Git\ObsAutoZoomSource\src\jrTrackedSourceZoomBox.cpp(232,18): warning C4244: '=': conversion from 'int' to 'float', possible loss of data
E:\MyDocs\Programming\VersionControl\Git\ObsAutoZoomSource\src\jrTrackedSourceZoomBox.cpp(247,24): warning C4244: '=': conversion from 'int' to 'float', possible loss of data
E:\MyDocs\Programming\VersionControl\Git\ObsAutoZoomSource\src\jrTrackedSourceZoomBox.cpp(248,24): warning C4244: '=': conversion from 'int' to 'float', possible loss of data
E:\MyDocs\Programming\VersionControl\Git\ObsAutoZoomSource\src\jrTrackedSourceZoomBox.cpp(249,24): warning C4244: '=': conversion from 'int' to 'float', possible loss of data
E:\MyDocs\Programming\VersionControl\Git\ObsAutoZoomSource\src\jrTrackedSourceZoomBox.cpp(250,24): warning C4244: '=': conversion from 'int' to 'float', possible loss of data
E:\MyDocs\Programming\VersionControl\Git\ObsAutoZoomSource\src\jrTrackedSourceZoomBox.cpp(266,14): warning C4244: 'initializing': conversion from 'double' to 'float', possible loss of data
E:\MyDocs\Programming\VersionControl\Git\ObsAutoZoomSource\src\jrTrackedSourceZoomBox.cpp(269,14): warning C4244: 'initializing': conversion from 'double' to 'float', possible loss of data
E:\MyDocs\Programming\VersionControl\Git\ObsAutoZoomSource\src\jrTrackedSourceZoomBox.cpp(292,18): warning C4244: 'initializing': conversion from 'double' to 'float', possible loss of data
E:\MyDocs\Programming\VersionControl\Git\ObsAutoZoomSource\src\jrTrackedSourceZoomBox.cpp(382,11): warning C4244: '=': conversion from 'float' to 'int', possible loss of data
E:\MyDocs\Programming\VersionControl\Git\ObsAutoZoomSource\src\jrTrackedSourceZoomBox.cpp(383,11): warning C4244: '=': conversion from 'float' to 'int', possible loss of data
E:\MyDocs\Programming\VersionControl\Git\ObsAutoZoomSource\src\jrTrackedSourceZoomBox.cpp(384,11): warning C4244: '=': conversion from 'float' to 'int', possible loss of data
E:\MyDocs\Programming\VersionControl\Git\ObsAutoZoomSource\src\jrTrackedSourceZoomBox.cpp(385,11): warning C4244: '=': conversion from 'float' to 'int', possible loss of data
E:\MyDocs\Programming\VersionControl\Git\ObsAutoZoomSource\src\jrTrackedSourceZoomBox.cpp(412,16): warning C4244: 'initializing': conversion from 'int' to 'float', possible loss of data
E:\MyDocs\Programming\VersionControl\Git\ObsAutoZoomSource\src\jrTrackedSourceZoomBox.cpp(413,17): warning C4244: 'initializing': conversion from 'int' to 'float', possible loss of data
E:\MyDocs\Programming\VersionControl\Git\ObsAutoZoomSource\src\jrTrackedSourceZoomBox.cpp(414,20): warning C4244: 'initializing': conversion from 'double' to 'float', possible loss of data
E:\MyDocs\Programming\VersionControl\Git\ObsAutoZoomSource\src\jrTrackedSourceZoomBox.cpp(415,21): warning C4244: 'initializing': conversion from 'double' to 'float', possible loss of data
E:\MyDocs\Programming\VersionControl\Git\ObsAutoZoomSource\src\jrTrackedSourceZoomBox.cpp(416,22): warning C4244: 'initializing': conversion from 'double' to 'float', possible loss of data
E:\MyDocs\Programming\VersionControl\Git\ObsAutoZoomSource\src\jrTrackedSourceZoomBox.cpp(418,23): warning C4244: 'initializing': conversion from 'int' to 'float', possible loss of data
E:\MyDocs\Programming\VersionControl\Git\ObsAutoZoomSource\src\jrTrackedSourceZoomBox.cpp(423,21): warning C4244: 'initializing': conversion from 'double' to 'float', possible loss of data
E:\MyDocs\Programming\VersionControl\Git\ObsAutoZoomSource\src\jrTrackedSourceZoomBox.cpp(433,21): warning C4244: '=': conversion from 'float' to 'int', possible loss of data
E:\MyDocs\Programming\VersionControl\Git\ObsAutoZoomSource\src\jrTrackedSourceZoomBox.cpp(434,21): warning C4244: '=': conversion from 'float' to 'int', possible loss of data
E:\MyDocs\Programming\VersionControl\Git\ObsAutoZoomSource\src\jrTrackedSourceZoomBox.cpp(435,25): warning C4244: '=': conversion from 'float' to 'int', possible loss of data
E:\MyDocs\Programming\VersionControl\Git\ObsAutoZoomSource\src\jrTrackedSourceZoomBox.cpp(436,25): warning C4244: '=': conversion from 'float' to 'int', possible loss of data
  myPlugin.cpp
E:\MyDocs\Programming\VersionControl\Git\ObsAutoZoomSource\src\myPlugin.cpp(68,12): warning C4244: 'initializing': conversion from '__int64' to 'int', possible loss of data
  pluginCodeHelper.cpp
E:\MyDocs\Programming\VersionControl\Git\ObsAutoZoomSource\src\pluginCodeHelper.cpp(336,38): warning C4244: '=': conversion from 'float' to 'int', possible loss of data
E:\MyDocs\Programming\VersionControl\Git\ObsAutoZoomSource\src\pluginCodeHelper.cpp(337,36): warning C4244: '=': conversion from 'float' to 'int', possible loss of data
E:\MyDocs\Programming\VersionControl\Git\ObsAutoZoomSource\src\pluginCodeHelper.cpp(338,38): warning C4244: '=': conversion from 'float' to 'int', possible loss of data
E:\MyDocs\Programming\VersionControl\Git\ObsAutoZoomSource\src\pluginCodeHelper.cpp(339,37): warning C4244: '=': conversion from 'float' to 'int', possible loss of data
  pluginCodeMain.cpp
  pluginCodeRender.cpp
E:\MyDocs\Programming\VersionControl\Git\ObsAutoZoomSource\src\pluginCodeRender.cpp(343,20): warning C4244: 'initializing': conversion from 'uint32_t' to 'float', possible loss of data
E:\MyDocs\Programming\VersionControl\Git\ObsAutoZoomSource\src\pluginCodeRender.cpp(344,21): warning C4244: 'initializing': conversion from 'uint32_t' to 'float', possible loss of data
E:\MyDocs\Programming\VersionControl\Git\ObsAutoZoomSource\src\pluginCodeRender.cpp(346,15): warning C4244: 'initializing': conversion from 'int' to 'float', possible loss of data
E:\MyDocs\Programming\VersionControl\Git\ObsAutoZoomSource\src\pluginCodeRender.cpp(347,16): warning C4244: 'initializing': conversion from 'int' to 'float', possible loss of data
E:\MyDocs\Programming\VersionControl\Git\ObsAutoZoomSource\src\pluginCodeRender.cpp(407,15): warning C4244: '=': conversion from 'float' to 'int', possible loss of data
E:\MyDocs\Programming\VersionControl\Git\ObsAutoZoomSource\src\pluginCodeRender.cpp(408,16): warning C4244: '=': conversion from 'float' to 'int', possible loss of data
E:\MyDocs\Programming\VersionControl\Git\ObsAutoZoomSource\src\pluginCodeRender.cpp(414,19): warning C4244: 'initializing': conversion from 'double' to 'float', possible loss of data
E:\MyDocs\Programming\VersionControl\Git\ObsAutoZoomSource\src\pluginCodeRender.cpp(455,26): warning C4244: '=': conversion from 'double' to 'float', possible loss of data
E:\MyDocs\Programming\VersionControl\Git\ObsAutoZoomSource\src\pluginCodeRender.cpp(467,25): warning C4244: '=': conversion from 'double' to 'float', possible loss of data
  pluginCodeSetup.cpp
E:\MyDocs\Programming\VersionControl\Git\ObsAutoZoomSource\src\pluginCodeSetup.cpp(170,35): warning C4244: '=': conversion from '__int64' to 'int', possible loss of data
E:\MyDocs\Programming\VersionControl\Git\ObsAutoZoomSource\src\pluginCodeSetup.cpp(174,35): warning C4244: '=': conversion from '__int64' to 'int', possible loss of data
E:\MyDocs\Programming\VersionControl\Git\ObsAutoZoomSource\src\pluginCodeSetup.cpp(175,35): warning C4244: '=': conversion from '__int64' to 'int', possible loss of data
E:\MyDocs\Programming\VersionControl\Git\ObsAutoZoomSource\src\pluginCodeSetup.cpp(176,38): warning C4244: '=': conversion from '__int64' to 'int', possible loss of data
E:\MyDocs\Programming\VersionControl\Git\ObsAutoZoomSource\src\pluginCodeSetup.cpp(181,36): warning C4244: '=': conversion from '__int64' to 'int', possible loss of data
E:\MyDocs\Programming\VersionControl\Git\ObsAutoZoomSource\src\pluginCodeSetup.cpp(182,39): warning C4244: '=': conversion from '__int64' to 'int', possible loss of data
E:\MyDocs\Programming\VersionControl\Git\ObsAutoZoomSource\src\pluginCodeSetup.cpp(183,42): warning C4244: '=': conversion from '__int64' to 'int', possible loss of data
E:\MyDocs\Programming\VersionControl\Git\ObsAutoZoomSource\src\pluginCodeSetup.cpp(184,39): warning C4244: '=': conversion from '__int64' to 'int', possible loss of data
E:\MyDocs\Programming\VersionControl\Git\ObsAutoZoomSource\src\pluginCodeSetup.cpp(194,47): warning C4244: '=': conversion from '__int64' to 'int', possible loss of data
E:\MyDocs\Programming\VersionControl\Git\ObsAutoZoomSource\src\pluginCodeSetup.cpp(199,45): warning C4244: '=': conversion from '__int64' to 'int', possible loss of data
E:\MyDocs\Programming\VersionControl\Git\ObsAutoZoomSource\src\pluginCodeSetup.cpp(204,31): warning C4244: 'initializing': conversion from '__int64' to 'int', possible loss of data
E:\MyDocs\Programming\VersionControl\Git\ObsAutoZoomSource\src\pluginCodeSetup.cpp(347,8): warning C4244: '=': conversion from 'int' to 'float', possible loss of data
E:\MyDocs\Programming\VersionControl\Git\ObsAutoZoomSource\src\pluginCodeSetup.cpp(348,8): warning C4244: '=': conversion from 'int' to 'float', possible loss of data
E:\MyDocs\Programming\VersionControl\Git\ObsAutoZoomSource\src\pluginCodeSetup.cpp(349,8): warning C4244: '=': conversion from 'int' to 'float', possible loss of data
E:\MyDocs\Programming\VersionControl\Git\ObsAutoZoomSource\src\pluginCodeSetup.cpp(350,8): warning C4244: '=': conversion from 'int' to 'float', possible loss of data
E:\MyDocs\Programming\VersionControl\Git\ObsAutoZoomSource\src\pluginCodeSetup.cpp(361,50): warning C4244: '=': conversion from 'int' to 'float', possible loss of data
E:\MyDocs\Programming\VersionControl\Git\ObsAutoZoomSource\src\pluginCodeSetup.cpp(362,54): warning C4244: '=': conversion from 'double' to 'float', possible loss of data
E:\MyDocs\Programming\VersionControl\Git\ObsAutoZoomSource\src\pluginCodeSetup.cpp(363,42): warning C4244: '=': conversion from 'int' to 'float', possible loss of data
E:\MyDocs\Programming\VersionControl\Git\ObsAutoZoomSource\src\pluginCodeSetup.cpp(365,53): warning C4244: '=': conversion from 'int' to 'float', possible loss of data
E:\MyDocs\Programming\VersionControl\Git\ObsAutoZoomSource\src\pluginCodeSetup.cpp(391,34): warning C4244: '=': conversion from 'float' to 'clock_t', possible loss of data
     Creating library E:\MyDocs\Programming\VersionControl\Git\ObsAutoZoomSource\x64\Release\ObsAutoZoomSource.lib and object E:\MyDocs\Programming\VersionControl\Git\ObsAutoZoomSource\x64\Release\ObsAutoZoomSource.exp
  Generating code
  6 of 364 functions ( 1.6%) were compiled, the rest were copied from previous compilation.
    1 functions were new in current compilation
    2 functions had inline decision re-evaluated but remain unchanged
  Finished generating code
  ObsAutoZoomSource.vcxproj -> E:\MyDocs\Programming\VersionControl\Git\ObsAutoZoomSource\x64\Release\ObsAutoZoomSource.dll
