e:\mydocs\programming\versioncontrol\git\obsautozoomsource\obsautozoomsource\x64\release\vc142.pdb
e:\mydocs\programming\versioncontrol\git\obsautozoomsource\obsautozoomsource\x64\release\source_list.obj
e:\mydocs\programming\versioncontrol\git\obsautozoomsource\obsautozoomsource\x64\release\plugincodemain.obj
e:\mydocs\programming\versioncontrol\git\obsautozoomsource\obsautozoomsource\x64\release\myplugin.obj
e:\mydocs\programming\versioncontrol\git\obsautozoomsource\obsautozoomsource\x64\release\plugincodesetup.obj
e:\mydocs\programming\versioncontrol\git\obsautozoomsource\obsautozoomsource\x64\release\plugincoderender.obj
e:\mydocs\programming\versioncontrol\git\obsautozoomsource\obsautozoomsource\x64\release\plugincodehelper.obj
e:\mydocs\programming\versioncontrol\git\obsautozoomsource\obsautozoomsource\x64\release\obshelpers.obj
e:\mydocs\programming\versioncontrol\git\obsautozoomsource\obsautozoomsource\x64\release\jrtrackedsource.obj
e:\mydocs\programming\versioncontrol\git\obsautozoomsource\obsautozoomsource\x64\release\jrtrackedsourcezoombox.obj
e:\mydocs\programming\versioncontrol\git\obsautozoomsource\obsautozoomsource\x64\release\jrtrackedsourcerender.obj
e:\mydocs\programming\versioncontrol\git\obsautozoomsource\obsautozoomsource\x64\release\jrtrackedsourcemisc.obj
e:\mydocs\programming\versioncontrol\git\obsautozoomsource\obsautozoomsource\x64\release\jrsourcetracker.obj
e:\mydocs\programming\versioncontrol\git\obsautozoomsource\obsautozoomsource\x64\release\jrregiondetector.obj
e:\mydocs\programming\versioncontrol\git\obsautozoomsource\obsautozoomsource\x64\release\jrfuncs.obj
e:\mydocs\programming\versioncontrol\git\obsautozoomsource\x64\release\obsautozoomsource.dll
e:\mydocs\programming\versioncontrol\git\obsautozoomsource\obsautozoomsource\x64\release\obsautozoomsource.ipdb
e:\mydocs\programming\versioncontrol\git\obsautozoomsource\obsautozoomsource\x64\release\obsautozoomsource.iobj
e:\mydocs\programming\versioncontrol\git\obsautozoomsource\x64\release\obsautozoomsource.pdb
e:\mydocs\programming\versioncontrol\git\obsautozoomsource\x64\release\obsautozoomsource.lib
e:\mydocs\programming\versioncontrol\git\obsautozoomsource\x64\release\obsautozoomsource.exp
e:\mydocs\programming\versioncontrol\git\obsautozoomsource\obsautozoomsource\x64\release\obsautoz.e29ca99d.tlog\cl.command.1.tlog
e:\mydocs\programming\versioncontrol\git\obsautozoomsource\obsautozoomsource\x64\release\obsautoz.e29ca99d.tlog\cl.read.1.tlog
e:\mydocs\programming\versioncontrol\git\obsautozoomsource\obsautozoomsource\x64\release\obsautoz.e29ca99d.tlog\cl.write.1.tlog
e:\mydocs\programming\versioncontrol\git\obsautozoomsource\obsautozoomsource\x64\release\obsautoz.e29ca99d.tlog\link.command.1.tlog
e:\mydocs\programming\versioncontrol\git\obsautozoomsource\obsautozoomsource\x64\release\obsautoz.e29ca99d.tlog\link.read.1.tlog
e:\mydocs\programming\versioncontrol\git\obsautozoomsource\obsautozoomsource\x64\release\obsautoz.e29ca99d.tlog\link.write.1.tlog
e:\mydocs\programming\versioncontrol\git\obsautozoomsource\obsautozoomsource\x64\release\obsautoz.e29ca99d.tlog\obsautozoomsource.write.1u.tlog
